[2017-03-27 08:20:45] local.ERROR: Symfony\Component\Debug\Exception\FatalThrowableError: Class 'Laraveldaily\Quickadmin\QuickadminServiceProvider' not found in D:\Code\Laravel\EnezaAdmin\vendor\laravel\framework\src\Illuminate\Foundation\ProviderRepository.php:208
Stack trace:
#0 D:\Code\Laravel\EnezaAdmin\vendor\laravel\framework\src\Illuminate\Foundation\ProviderRepository.php(144): Illuminate\Foundation\ProviderRepository->createProvider('Laraveldaily\\Qu...')
#1 D:\Code\Laravel\EnezaAdmin\vendor\laravel\framework\src\Illuminate\Foundation\ProviderRepository.php(61): Illuminate\Foundation\ProviderRepository->compileManifest(Array)
#2 D:\Code\Laravel\EnezaAdmin\vendor\laravel\framework\src\Illuminate\Foundation\Application.php(543): Illuminate\Foundation\ProviderRepository->load(Array)
#3 D:\Code\Laravel\EnezaAdmin\vendor\laravel\framework\src\Illuminate\Foundation\Bootstrap\RegisterProviders.php(17): Illuminate\Foundation\Application->registerConfiguredProviders()
#4 D:\Code\Laravel\EnezaAdmin\vendor\laravel\framework\src\Illuminate\Foundation\Application.php(208): Illuminate\Foundation\Bootstrap\RegisterProviders->bootstrap(Object(Illuminate\Foundation\Application))
#5 D:\Code\Laravel\EnezaAdmin\vendor\laravel\framework\src\Illuminate\Foundation\Console\Kernel.php(270): Illuminate\Foundation\Application->bootstrapWith(Array)
#6 D:\Code\Laravel\EnezaAdmin\vendor\laravel\framework\src\Illuminate\Foundation\Console\Kernel.php(115): Illuminate\Foundation\Console\Kernel->bootstrap()
#7 D:\Code\Laravel\EnezaAdmin\artisan(35): Illuminate\Foundation\Console\Kernel->handle(Object(Symfony\Component\Console\Input\ArgvInput), Object(Symfony\Component\Console\Output\ConsoleOutput))
#8 {main}  
[2017-03-27 08:20:56] local.ERROR: Symfony\Component\Debug\Exception\FatalThrowableError: Class 'Laraveldaily\Quickadmin\QuickadminServiceProvider' not found in D:\Code\Laravel\EnezaAdmin\vendor\laravel\framework\src\Illuminate\Foundation\ProviderRepository.php:208
Stack trace:
#0 D:\Code\Laravel\EnezaAdmin\vendor\laravel\framework\src\Illuminate\Foundation\ProviderRepository.php(144): Illuminate\Foundation\ProviderRepository->createProvider('Laraveldaily\\Qu...')
#1 D:\Code\Laravel\EnezaAdmin\vendor\laravel\framework\src\Illuminate\Foundation\ProviderRepository.php(61): Illuminate\Foundation\ProviderRepository->compileManifest(Array)
#2 D:\Code\Laravel\EnezaAdmin\vendor\laravel\framework\src\Illuminate\Foundation\Application.php(543): Illuminate\Foundation\ProviderRepository->load(Array)
#3 D:\Code\Laravel\EnezaAdmin\vendor\laravel\framework\src\Illuminate\Foundation\Bootstrap\RegisterProviders.php(17): Illuminate\Foundation\Application->registerConfiguredProviders()
#4 D:\Code\Laravel\EnezaAdmin\vendor\laravel\framework\src\Illuminate\Foundation\Application.php(208): Illuminate\Foundation\Bootstrap\RegisterProviders->bootstrap(Object(Illuminate\Foundation\Application))
#5 D:\Code\Laravel\EnezaAdmin\vendor\laravel\framework\src\Illuminate\Foundation\Console\Kernel.php(270): Illuminate\Foundation\Application->bootstrapWith(Array)
#6 D:\Code\Laravel\EnezaAdmin\vendor\laravel\framework\src\Illuminate\Foundation\Console\Kernel.php(115): Illuminate\Foundation\Console\Kernel->bootstrap()
#7 D:\Code\Laravel\EnezaAdmin\artisan(35): Illuminate\Foundation\Console\Kernel->handle(Object(Symfony\Component\Console\Input\ArgvInput), Object(Symfony\Component\Console\Output\ConsoleOutput))
#8 {main}  
[2017-03-27 09:01:30] local.ERROR: PDOException: SQLSTATE[HY000] [2002] No connection could be made because the target machine actively refused it.
 in D:\Code\Laravel\EnezaAdmin\vendor\laravel\framework\src\Illuminate\Database\Connectors\Connector.php:68
Stack trace:
#0 D:\Code\Laravel\EnezaAdmin\vendor\laravel\framework\src\Illuminate\Database\Connectors\Connector.php(68): PDO->__construct('mysql:host=127....', 'test', 'PASS', Array)
#1 D:\Code\Laravel\EnezaAdmin\vendor\laravel\framework\src\Illuminate\Database\Connectors\Connector.php(43): Illuminate\Database\Connectors\Connector->createPdoConnection('mysql:host=127....', 'test', 'PASS', Array)
#2 D:\Code\Laravel\EnezaAdmin\vendor\laravel\framework\src\Illuminate\Database\Connectors\MySqlConnector.php(24): Illuminate\Database\Connectors\Connector->createConnection('mysql:host=127....', Array, Array)
#3 D:\Code\Laravel\EnezaAdmin\vendor\laravel\framework\src\Illuminate\Database\Connectors\ConnectionFactory.php(183): Illuminate\Database\Connectors\MySqlConnector->connect(Array)
#4 [internal function]: Illuminate\Database\Connectors\ConnectionFactory->Illuminate\Database\Connectors\{closure}()
#5 D:\Code\Laravel\EnezaAdmin\vendor\laravel\framework\src\Illuminate\Database\Connection.php(882): call_user_func(Object(Closure))
#6 D:\Code\Laravel\EnezaAdmin\vendor\laravel\framework\src\Illuminate\Database\Connection.php(903): Illuminate\Database\Connection->getPdo()
#7 D:\Code\Laravel\EnezaAdmin\vendor\laravel\framework\src\Illuminate\Database\Connection.php(392): Illuminate\Database\Connection->getReadPdo()
#8 D:\Code\Laravel\EnezaAdmin\vendor\laravel\framework\src\Illuminate\Database\Connection.php(318): Illuminate\Database\Connection->getPdoForSelect(true)
#9 D:\Code\Laravel\EnezaAdmin\vendor\laravel\framework\src\Illuminate\Database\Connection.php(640): Illuminate\Database\Connection->Illuminate\Database\{closure}('select * from i...', Array)
#10 D:\Code\Laravel\EnezaAdmin\vendor\laravel\framework\src\Illuminate\Database\Connection.php(607): Illuminate\Database\Connection->runQueryCallback('select * from i...', Array, Object(Closure))
#11 D:\Code\Laravel\EnezaAdmin\vendor\laravel\framework\src\Illuminate\Database\Connection.php(326): Illuminate\Database\Connection->run('select * from i...', Array, Object(Closure))
#12 D:\Code\Laravel\EnezaAdmin\vendor\laravel\framework\src\Illuminate\Database\Schema\MySqlBuilder.php(18): Illuminate\Database\Connection->select('select * from i...', Array)
#13 D:\Code\Laravel\EnezaAdmin\vendor\laravel\framework\src\Illuminate\Support\Facades\Facade.php(221): Illuminate\Database\Schema\MySqlBuilder->hasTable('menus')
#14 D:\Code\Laravel\EnezaAdmin\vendor\laraveldaily\quickadmin\src\routes.php(10): Illuminate\Support\Facades\Facade::__callStatic('hasTable', Array)
#15 D:\Code\Laravel\EnezaAdmin\vendor\laraveldaily\quickadmin\src\QuickadminServiceProvider.php(52): include('D:\\Code\\Laravel...')
#16 [internal function]: Laraveldaily\Quickadmin\QuickadminServiceProvider->boot()
#17 D:\Code\Laravel\EnezaAdmin\vendor\laravel\framework\src\Illuminate\Container\BoundMethod.php(29): call_user_func_array(Array, Array)
#18 D:\Code\Laravel\EnezaAdmin\vendor\laravel\framework\src\Illuminate\Container\BoundMethod.php(87): Illuminate\Container\BoundMethod::Illuminate\Container\{closure}()
#19 D:\Code\Laravel\EnezaAdmin\vendor\laravel\framework\src\Illuminate\Container\BoundMethod.php(31): Illuminate\Container\BoundMethod::callBoundMethod(Object(Illuminate\Foundation\Application), Array, Object(Closure))
#20 D:\Code\Laravel\EnezaAdmin\vendor\laravel\framework\src\Illuminate\Container\Container.php(531): Illuminate\Container\BoundMethod::call(Object(Illuminate\Foundation\Application), Array, Array, NULL)
#21 D:\Code\Laravel\EnezaAdmin\vendor\laravel\framework\src\Illuminate\Foundation\Application.php(762): Illuminate\Container\Container->call(Array)
#22 D:\Code\Laravel\EnezaAdmin\vendor\laravel\framework\src\Illuminate\Foundation\Application.php(745): Illuminate\Foundation\Application->bootProvider(Object(Laraveldaily\Quickadmin\QuickadminServiceProvider))
#23 [internal function]: Illuminate\Foundation\Application->Illuminate\Foundation\{closure}(Object(Laraveldaily\Quickadmin\QuickadminServiceProvider), 18)
#24 D:\Code\Laravel\EnezaAdmin\vendor\laravel\framework\src\Illuminate\Foundation\Application.php(746): array_walk(Array, Object(Closure))
#25 D:\Code\Laravel\EnezaAdmin\vendor\laravel\framework\src\Illuminate\Foundation\Bootstrap\BootProviders.php(17): Illuminate\Foundation\Application->boot()
#26 D:\Code\Laravel\EnezaAdmin\vendor\laravel\framework\src\Illuminate\Foundation\Application.php(208): Illuminate\Foundation\Bootstrap\BootProviders->bootstrap(Object(Illuminate\Foundation\Application))
#27 D:\Code\Laravel\EnezaAdmin\vendor\laravel\framework\src\Illuminate\Foundation\Console\Kernel.php(270): Illuminate\Foundation\Application->bootstrapWith(Array)
#28 D:\Code\Laravel\EnezaAdmin\vendor\laravel\framework\src\Illuminate\Foundation\Console\Kernel.php(115): Illuminate\Foundation\Console\Kernel->bootstrap()
#29 D:\Code\Laravel\EnezaAdmin\artisan(35): Illuminate\Foundation\Console\Kernel->handle(Object(Symfony\Component\Console\Input\ArgvInput), Object(Symfony\Component\Console\Output\ConsoleOutput))
#30 {main}  
[2017-03-27 09:01:30] local.ERROR: PDOException: SQLSTATE[HY000] [2002] No connection could be made because the target machine actively refused it.
 in D:\Code\Laravel\EnezaAdmin\vendor\laravel\framework\src\Illuminate\Database\Connectors\Connector.php:68
Stack trace:
#0 D:\Code\Laravel\EnezaAdmin\vendor\laravel\framework\src\Illuminate\Database\Connectors\Connector.php(68): PDO->__construct('mysql:host=127....', 'test', 'PASS', Array)
#1 D:\Code\Laravel\EnezaAdmin\vendor\laravel\framework\src\Illuminate\Database\Connectors\Connector.php(43): Illuminate\Database\Connectors\Connector->createPdoConnection('mysql:host=127....', 'test', 'PASS', Array)
#2 D:\Code\Laravel\EnezaAdmin\vendor\laravel\framework\src\Illuminate\Database\Connectors\MySqlConnector.php(24): Illuminate\Database\Connectors\Connector->createConnection('mysql:host=127....', Array, Array)
#3 D:\Code\Laravel\EnezaAdmin\vendor\laravel\framework\src\Illuminate\Database\Connectors\ConnectionFactory.php(183): Illuminate\Database\Connectors\MySqlConnector->connect(Array)
#4 [internal function]: Illuminate\Database\Connectors\ConnectionFactory->Illuminate\Database\Connectors\{closure}()
#5 D:\Code\Laravel\EnezaAdmin\vendor\laravel\framework\src\Illuminate\Database\Connection.php(882): call_user_func(Object(Closure))
#6 D:\Code\Laravel\EnezaAdmin\vendor\laravel\framework\src\Illuminate\Database\Connection.php(903): Illuminate\Database\Connection->getPdo()
#7 D:\Code\Laravel\EnezaAdmin\vendor\laravel\framework\src\Illuminate\Database\Connection.php(392): Illuminate\Database\Connection->getReadPdo()
#8 D:\Code\Laravel\EnezaAdmin\vendor\laravel\framework\src\Illuminate\Database\Connection.php(318): Illuminate\Database\Connection->getPdoForSelect(true)
#9 D:\Code\Laravel\EnezaAdmin\vendor\laravel\framework\src\Illuminate\Database\Connection.php(640): Illuminate\Database\Connection->Illuminate\Database\{closure}('select * from i...', Array)
#10 D:\Code\Laravel\EnezaAdmin\vendor\laravel\framework\src\Illuminate\Database\Connection.php(607): Illuminate\Database\Connection->runQueryCallback('select * from i...', Array, Object(Closure))
#11 D:\Code\Laravel\EnezaAdmin\vendor\laravel\framework\src\Illuminate\Database\Connection.php(326): Illuminate\Database\Connection->run('select * from i...', Array, Object(Closure))
#12 D:\Code\Laravel\EnezaAdmin\vendor\laravel\framework\src\Illuminate\Database\Schema\MySqlBuilder.php(18): Illuminate\Database\Connection->select('select * from i...', Array)
#13 D:\Code\Laravel\EnezaAdmin\vendor\laravel\framework\src\Illuminate\Support\Facades\Facade.php(221): Illuminate\Database\Schema\MySqlBuilder->hasTable('menus')
#14 D:\Code\Laravel\EnezaAdmin\vendor\laraveldaily\quickadmin\src\routes.php(10): Illuminate\Support\Facades\Facade::__callStatic('hasTable', Array)
#15 D:\Code\Laravel\EnezaAdmin\vendor\laraveldaily\quickadmin\src\QuickadminServiceProvider.php(52): include('D:\\Code\\Laravel...')
#16 [internal function]: Laraveldaily\Quickadmin\QuickadminServiceProvider->boot()
#17 D:\Code\Laravel\EnezaAdmin\vendor\laravel\framework\src\Illuminate\Container\BoundMethod.php(29): call_user_func_array(Array, Array)
#18 D:\Code\Laravel\EnezaAdmin\vendor\laravel\framework\src\Illuminate\Container\BoundMethod.php(87): Illuminate\Container\BoundMethod::Illuminate\Container\{closure}()
#19 D:\Code\Laravel\EnezaAdmin\vendor\laravel\framework\src\Illuminate\Container\BoundMethod.php(31): Illuminate\Container\BoundMethod::callBoundMethod(Object(Illuminate\Foundation\Application), Array, Object(Closure))
#20 D:\Code\Laravel\EnezaAdmin\vendor\laravel\framework\src\Illuminate\Container\Container.php(531): Illuminate\Container\BoundMethod::call(Object(Illuminate\Foundation\Application), Array, Array, NULL)
#21 D:\Code\Laravel\EnezaAdmin\vendor\laravel\framework\src\Illuminate\Foundation\Application.php(762): Illuminate\Container\Container->call(Array)
#22 D:\Code\Laravel\EnezaAdmin\vendor\laravel\framework\src\Illuminate\Foundation\Application.php(745): Illuminate\Foundation\Application->bootProvider(Object(Laraveldaily\Quickadmin\QuickadminServiceProvider))
#23 [internal function]: Illuminate\Foundation\Application->Illuminate\Foundation\{closure}(Object(Laraveldaily\Quickadmin\QuickadminServiceProvider), 18)
#24 D:\Code\Laravel\EnezaAdmin\vendor\laravel\framework\src\Illuminate\Foundation\Application.php(746): array_walk(Array, Object(Closure))
#25 D:\Code\Laravel\EnezaAdmin\vendor\laravel\framework\src\Illuminate\Foundation\Bootstrap\BootProviders.php(17): Illuminate\Foundation\Application->boot()
#26 D:\Code\Laravel\EnezaAdmin\vendor\laravel\framework\src\Illuminate\Foundation\Application.php(208): Illuminate\Foundation\Bootstrap\BootProviders->bootstrap(Object(Illuminate\Foundation\Application))
#27 D:\Code\Laravel\EnezaAdmin\vendor\laravel\framework\src\Illuminate\Foundation\Console\Kernel.php(270): Illuminate\Foundation\Application->bootstrapWith(Array)
#28 D:\Code\Laravel\EnezaAdmin\vendor\laravel\framework\src\Illuminate\Foundation\Console\Kernel.php(115): Illuminate\Foundation\Console\Kernel->bootstrap()
#29 D:\Code\Laravel\EnezaAdmin\artisan(35): Illuminate\Foundation\Console\Kernel->handle(Object(Symfony\Component\Console\Input\ArgvInput), Object(Symfony\Component\Console\Output\ConsoleOutput))
#30 {main}

Next Illuminate\Database\QueryException: SQLSTATE[HY000] [2002] No connection could be made because the target machine actively refused it.
 (SQL: select * from information_schema.tables where table_schema = enezaadmin and table_name = menus) in D:\Code\Laravel\EnezaAdmin\vendor\laravel\framework\src\Illuminate\Database\Connection.php:647
Stack trace:
#0 D:\Code\Laravel\EnezaAdmin\vendor\laravel\framework\src\Illuminate\Database\Connection.php(607): Illuminate\Database\Connection->runQueryCallback('select * from i...', Array, Object(Closure))
#1 D:\Code\Laravel\EnezaAdmin\vendor\laravel\framework\src\Illuminate\Database\Connection.php(326): Illuminate\Database\Connection->run('select * from i...', Array, Object(Closure))
#2 D:\Code\Laravel\EnezaAdmin\vendor\laravel\framework\src\Illuminate\Database\Schema\MySqlBuilder.php(18): Illuminate\Database\Connection->select('select * from i...', Array)
#3 D:\Code\Laravel\EnezaAdmin\vendor\laravel\framework\src\Illuminate\Support\Facades\Facade.php(221): Illuminate\Database\Schema\MySqlBuilder->hasTable('menus')
#4 D:\Code\Laravel\EnezaAdmin\vendor\laraveldaily\quickadmin\src\routes.php(10): Illuminate\Support\Facades\Facade::__callStatic('hasTable', Array)
#5 D:\Code\Laravel\EnezaAdmin\vendor\laraveldaily\quickadmin\src\QuickadminServiceProvider.php(52): include('D:\\Code\\Laravel...')
#6 [internal function]: Laraveldaily\Quickadmin\QuickadminServiceProvider->boot()
#7 D:\Code\Laravel\EnezaAdmin\vendor\laravel\framework\src\Illuminate\Container\BoundMethod.php(29): call_user_func_array(Array, Array)
#8 D:\Code\Laravel\EnezaAdmin\vendor\laravel\framework\src\Illuminate\Container\BoundMethod.php(87): Illuminate\Container\BoundMethod::Illuminate\Container\{closure}()
#9 D:\Code\Laravel\EnezaAdmin\vendor\laravel\framework\src\Illuminate\Container\BoundMethod.php(31): Illuminate\Container\BoundMethod::callBoundMethod(Object(Illuminate\Foundation\Application), Array, Object(Closure))
#10 D:\Code\Laravel\EnezaAdmin\vendor\laravel\framework\src\Illuminate\Container\Container.php(531): Illuminate\Container\BoundMethod::call(Object(Illuminate\Foundation\Application), Array, Array, NULL)
#11 D:\Code\Laravel\EnezaAdmin\vendor\laravel\framework\src\Illuminate\Foundation\Application.php(762): Illuminate\Container\Container->call(Array)
#12 D:\Code\Laravel\EnezaAdmin\vendor\laravel\framework\src\Illuminate\Foundation\Application.php(745): Illuminate\Foundation\Application->bootProvider(Object(Laraveldaily\Quickadmin\QuickadminServiceProvider))
#13 [internal function]: Illuminate\Foundation\Application->Illuminate\Foundation\{closure}(Object(Laraveldaily\Quickadmin\QuickadminServiceProvider), 18)
#14 D:\Code\Laravel\EnezaAdmin\vendor\laravel\framework\src\Illuminate\Foundation\Application.php(746): array_walk(Array, Object(Closure))
#15 D:\Code\Laravel\EnezaAdmin\vendor\laravel\framework\src\Illuminate\Foundation\Bootstrap\BootProviders.php(17): Illuminate\Foundation\Application->boot()
#16 D:\Code\Laravel\EnezaAdmin\vendor\laravel\framework\src\Illuminate\Foundation\Application.php(208): Illuminate\Foundation\Bootstrap\BootProviders->bootstrap(Object(Illuminate\Foundation\Application))
#17 D:\Code\Laravel\EnezaAdmin\vendor\laravel\framework\src\Illuminate\Foundation\Console\Kernel.php(270): Illuminate\Foundation\Application->bootstrapWith(Array)
#18 D:\Code\Laravel\EnezaAdmin\vendor\laravel\framework\src\Illuminate\Foundation\Console\Kernel.php(115): Illuminate\Foundation\Console\Kernel->bootstrap()
#19 D:\Code\Laravel\EnezaAdmin\artisan(35): Illuminate\Foundation\Console\Kernel->handle(Object(Symfony\Component\Console\Input\ArgvInput), Object(Symfony\Component\Console\Output\ConsoleOutput))
#20 {main}  
[2017-03-28 11:53:05] local.ERROR: PDOException: SQLSTATE[HY000] [2002] No connection could be made because the target machine actively refused it.
 in D:\Code\Laravel\EnezaAdmin\vendor\laravel\framework\src\Illuminate\Database\Connectors\Connector.php:68
Stack trace:
#0 D:\Code\Laravel\EnezaAdmin\vendor\laravel\framework\src\Illuminate\Database\Connectors\Connector.php(68): PDO->__construct('mysql:host=127....', 'test', 'PASS', Array)
#1 D:\Code\Laravel\EnezaAdmin\vendor\laravel\framework\src\Illuminate\Database\Connectors\Connector.php(43): Illuminate\Database\Connectors\Connector->createPdoConnection('mysql:host=127....', 'test', 'PASS', Array)
#2 D:\Code\Laravel\EnezaAdmin\vendor\laravel\framework\src\Illuminate\Database\Connectors\MySqlConnector.php(24): Illuminate\Database\Connectors\Connector->createConnection('mysql:host=127....', Array, Array)
#3 D:\Code\Laravel\EnezaAdmin\vendor\laravel\framework\src\Illuminate\Database\Connectors\ConnectionFactory.php(183): Illuminate\Database\Connectors\MySqlConnector->connect(Array)
#4 [internal function]: Illuminate\Database\Connectors\ConnectionFactory->Illuminate\Database\Connectors\{closure}()
#5 D:\Code\Laravel\EnezaAdmin\vendor\laravel\framework\src\Illuminate\Database\Connection.php(882): call_user_func(Object(Closure))
#6 D:\Code\Laravel\EnezaAdmin\vendor\laravel\framework\src\Illuminate\Database\Connection.php(903): Illuminate\Database\Connection->getPdo()
#7 D:\Code\Laravel\EnezaAdmin\vendor\laravel\framework\src\Illuminate\Database\Connection.php(392): Illuminate\Database\Connection->getReadPdo()
#8 D:\Code\Laravel\EnezaAdmin\vendor\laravel\framework\src\Illuminate\Database\Connection.php(318): Illuminate\Database\Connection->getPdoForSelect(true)
#9 D:\Code\Laravel\EnezaAdmin\vendor\laravel\framework\src\Illuminate\Database\Connection.php(640): Illuminate\Database\Connection->Illuminate\Database\{closure}('select * from i...', Array)
#10 D:\Code\Laravel\EnezaAdmin\vendor\laravel\framework\src\Illuminate\Database\Connection.php(607): Illuminate\Database\Connection->runQueryCallback('select * from i...', Array, Object(Closure))
#11 D:\Code\Laravel\EnezaAdmin\vendor\laravel\framework\src\Illuminate\Database\Connection.php(326): Illuminate\Database\Connection->run('select * from i...', Array, Object(Closure))
#12 D:\Code\Laravel\EnezaAdmin\vendor\laravel\framework\src\Illuminate\Database\Schema\MySqlBuilder.php(18): Illuminate\Database\Connection->select('select * from i...', Array)
#13 D:\Code\Laravel\EnezaAdmin\vendor\laravel\framework\src\Illuminate\Support\Facades\Facade.php(221): Illuminate\Database\Schema\MySqlBuilder->hasTable('menus')
#14 D:\Code\Laravel\EnezaAdmin\vendor\laraveldaily\quickadmin\src\routes.php(10): Illuminate\Support\Facades\Facade::__callStatic('hasTable', Array)
#15 D:\Code\Laravel\EnezaAdmin\vendor\laraveldaily\quickadmin\src\QuickadminServiceProvider.php(52): include('D:\\Code\\Laravel...')
#16 [internal function]: Laraveldaily\Quickadmin\QuickadminServiceProvider->boot()
#17 D:\Code\Laravel\EnezaAdmin\vendor\laravel\framework\src\Illuminate\Container\BoundMethod.php(29): call_user_func_array(Array, Array)
#18 D:\Code\Laravel\EnezaAdmin\vendor\laravel\framework\src\Illuminate\Container\BoundMethod.php(87): Illuminate\Container\BoundMethod::Illuminate\Container\{closure}()
#19 D:\Code\Laravel\EnezaAdmin\vendor\laravel\framework\src\Illuminate\Container\BoundMethod.php(31): Illuminate\Container\BoundMethod::callBoundMethod(Object(Illuminate\Foundation\Application), Array, Object(Closure))
#20 D:\Code\Laravel\EnezaAdmin\vendor\laravel\framework\src\Illuminate\Container\Container.php(531): Illuminate\Container\BoundMethod::call(Object(Illuminate\Foundation\Application), Array, Array, NULL)
#21 D:\Code\Laravel\EnezaAdmin\vendor\laravel\framework\src\Illuminate\Foundation\Application.php(762): Illuminate\Container\Container->call(Array)
#22 D:\Code\Laravel\EnezaAdmin\vendor\laravel\framework\src\Illuminate\Foundation\Application.php(745): Illuminate\Foundation\Application->bootProvider(Object(Laraveldaily\Quickadmin\QuickadminServiceProvider))
#23 [internal function]: Illuminate\Foundation\Application->Illuminate\Foundation\{closure}(Object(Laraveldaily\Quickadmin\QuickadminServiceProvider), 18)
#24 D:\Code\Laravel\EnezaAdmin\vendor\laravel\framework\src\Illuminate\Foundation\Application.php(746): array_walk(Array, Object(Closure))
#25 D:\Code\Laravel\EnezaAdmin\vendor\laravel\framework\src\Illuminate\Foundation\Bootstrap\BootProviders.php(17): Illuminate\Foundation\Application->boot()
#26 D:\Code\Laravel\EnezaAdmin\vendor\laravel\framework\src\Illuminate\Foundation\Application.php(208): Illuminate\Foundation\Bootstrap\BootProviders->bootstrap(Object(Illuminate\Foundation\Application))
#27 D:\Code\Laravel\EnezaAdmin\vendor\laravel\framework\src\Illuminate\Foundation\Console\Kernel.php(270): Illuminate\Foundation\Application->bootstrapWith(Array)
#28 D:\Code\Laravel\EnezaAdmin\vendor\laravel\framework\src\Illuminate\Foundation\Console\Kernel.php(115): Illuminate\Foundation\Console\Kernel->bootstrap()
#29 D:\Code\Laravel\EnezaAdmin\artisan(35): Illuminate\Foundation\Console\Kernel->handle(Object(Symfony\Component\Console\Input\ArgvInput), Object(Symfony\Component\Console\Output\ConsoleOutput))
#30 {main}  
[2017-03-28 11:53:06] local.ERROR: PDOException: SQLSTATE[HY000] [2002] No connection could be made because the target machine actively refused it.
 in D:\Code\Laravel\EnezaAdmin\vendor\laravel\framework\src\Illuminate\Database\Connectors\Connector.php:68
Stack trace:
#0 D:\Code\Laravel\EnezaAdmin\vendor\laravel\framework\src\Illuminate\Database\Connectors\Connector.php(68): PDO->__construct('mysql:host=127....', 'test', 'PASS', Array)
#1 D:\Code\Laravel\EnezaAdmin\vendor\laravel\framework\src\Illuminate\Database\Connectors\Connector.php(43): Illuminate\Database\Connectors\Connector->createPdoConnection('mysql:host=127....', 'test', 'PASS', Array)
#2 D:\Code\Laravel\EnezaAdmin\vendor\laravel\framework\src\Illuminate\Database\Connectors\MySqlConnector.php(24): Illuminate\Database\Connectors\Connector->createConnection('mysql:host=127....', Array, Array)
#3 D:\Code\Laravel\EnezaAdmin\vendor\laravel\framework\src\Illuminate\Database\Connectors\ConnectionFactory.php(183): Illuminate\Database\Connectors\MySqlConnector->connect(Array)
#4 [internal function]: Illuminate\Database\Connectors\ConnectionFactory->Illuminate\Database\Connectors\{closure}()
#5 D:\Code\Laravel\EnezaAdmin\vendor\laravel\framework\src\Illuminate\Database\Connection.php(882): call_user_func(Object(Closure))
#6 D:\Code\Laravel\EnezaAdmin\vendor\laravel\framework\src\Illuminate\Database\Connection.php(903): Illuminate\Database\Connection->getPdo()
#7 D:\Code\Laravel\EnezaAdmin\vendor\laravel\framework\src\Illuminate\Database\Connection.php(392): Illuminate\Database\Connection->getReadPdo()
#8 D:\Code\Laravel\EnezaAdmin\vendor\laravel\framework\src\Illuminate\Database\Connection.php(318): Illuminate\Database\Connection->getPdoForSelect(true)
#9 D:\Code\Laravel\EnezaAdmin\vendor\laravel\framework\src\Illuminate\Database\Connection.php(640): Illuminate\Database\Connection->Illuminate\Database\{closure}('select * from i...', Array)
#10 D:\Code\Laravel\EnezaAdmin\vendor\laravel\framework\src\Illuminate\Database\Connection.php(607): Illuminate\Database\Connection->runQueryCallback('select * from i...', Array, Object(Closure))
#11 D:\Code\Laravel\EnezaAdmin\vendor\laravel\framework\src\Illuminate\Database\Connection.php(326): Illuminate\Database\Connection->run('select * from i...', Array, Object(Closure))
#12 D:\Code\Laravel\EnezaAdmin\vendor\laravel\framework\src\Illuminate\Database\Schema\MySqlBuilder.php(18): Illuminate\Database\Connection->select('select * from i...', Array)
#13 D:\Code\Laravel\EnezaAdmin\vendor\laravel\framework\src\Illuminate\Support\Facades\Facade.php(221): Illuminate\Database\Schema\MySqlBuilder->hasTable('menus')
#14 D:\Code\Laravel\EnezaAdmin\vendor\laraveldaily\quickadmin\src\routes.php(10): Illuminate\Support\Facades\Facade::__callStatic('hasTable', Array)
#15 D:\Code\Laravel\EnezaAdmin\vendor\laraveldaily\quickadmin\src\QuickadminServiceProvider.php(52): include('D:\\Code\\Laravel...')
#16 [internal function]: Laraveldaily\Quickadmin\QuickadminServiceProvider->boot()
#17 D:\Code\Laravel\EnezaAdmin\vendor\laravel\framework\src\Illuminate\Container\BoundMethod.php(29): call_user_func_array(Array, Array)
#18 D:\Code\Laravel\EnezaAdmin\vendor\laravel\framework\src\Illuminate\Container\BoundMethod.php(87): Illuminate\Container\BoundMethod::Illuminate\Container\{closure}()
#19 D:\Code\Laravel\EnezaAdmin\vendor\laravel\framework\src\Illuminate\Container\BoundMethod.php(31): Illuminate\Container\BoundMethod::callBoundMethod(Object(Illuminate\Foundation\Application), Array, Object(Closure))
#20 D:\Code\Laravel\EnezaAdmin\vendor\laravel\framework\src\Illuminate\Container\Container.php(531): Illuminate\Container\BoundMethod::call(Object(Illuminate\Foundation\Application), Array, Array, NULL)
#21 D:\Code\Laravel\EnezaAdmin\vendor\laravel\framework\src\Illuminate\Foundation\Application.php(762): Illuminate\Container\Container->call(Array)
#22 D:\Code\Laravel\EnezaAdmin\vendor\laravel\framework\src\Illuminate\Foundation\Application.php(745): Illuminate\Foundation\Application->bootProvider(Object(Laraveldaily\Quickadmin\QuickadminServiceProvider))
#23 [internal function]: Illuminate\Foundation\Application->Illuminate\Foundation\{closure}(Object(Laraveldaily\Quickadmin\QuickadminServiceProvider), 18)
#24 D:\Code\Laravel\EnezaAdmin\vendor\laravel\framework\src\Illuminate\Foundation\Application.php(746): array_walk(Array, Object(Closure))
#25 D:\Code\Laravel\EnezaAdmin\vendor\laravel\framework\src\Illuminate\Foundation\Bootstrap\BootProviders.php(17): Illuminate\Foundation\Application->boot()
#26 D:\Code\Laravel\EnezaAdmin\vendor\laravel\framework\src\Illuminate\Foundation\Application.php(208): Illuminate\Foundation\Bootstrap\BootProviders->bootstrap(Object(Illuminate\Foundation\Application))
#27 D:\Code\Laravel\EnezaAdmin\vendor\laravel\framework\src\Illuminate\Foundation\Console\Kernel.php(270): Illuminate\Foundation\Application->bootstrapWith(Array)
#28 D:\Code\Laravel\EnezaAdmin\vendor\laravel\framework\src\Illuminate\Foundation\Console\Kernel.php(115): Illuminate\Foundation\Console\Kernel->bootstrap()
#29 D:\Code\Laravel\EnezaAdmin\artisan(35): Illuminate\Foundation\Console\Kernel->handle(Object(Symfony\Component\Console\Input\ArgvInput), Object(Symfony\Component\Console\Output\ConsoleOutput))
#30 {main}

Next Illuminate\Database\QueryException: SQLSTATE[HY000] [2002] No connection could be made because the target machine actively refused it.
 (SQL: select * from information_schema.tables where table_schema = enezaadmin and table_name = menus) in D:\Code\Laravel\EnezaAdmin\vendor\laravel\framework\src\Illuminate\Database\Connection.php:647
Stack trace:
#0 D:\Code\Laravel\EnezaAdmin\vendor\laravel\framework\src\Illuminate\Database\Connection.php(607): Illuminate\Database\Connection->runQueryCallback('select * from i...', Array, Object(Closure))
#1 D:\Code\Laravel\EnezaAdmin\vendor\laravel\framework\src\Illuminate\Database\Connection.php(326): Illuminate\Database\Connection->run('select * from i...', Array, Object(Closure))
#2 D:\Code\Laravel\EnezaAdmin\vendor\laravel\framework\src\Illuminate\Database\Schema\MySqlBuilder.php(18): Illuminate\Database\Connection->select('select * from i...', Array)
#3 D:\Code\Laravel\EnezaAdmin\vendor\laravel\framework\src\Illuminate\Support\Facades\Facade.php(221): Illuminate\Database\Schema\MySqlBuilder->hasTable('menus')
#4 D:\Code\Laravel\EnezaAdmin\vendor\laraveldaily\quickadmin\src\routes.php(10): Illuminate\Support\Facades\Facade::__callStatic('hasTable', Array)
#5 D:\Code\Laravel\EnezaAdmin\vendor\laraveldaily\quickadmin\src\QuickadminServiceProvider.php(52): include('D:\\Code\\Laravel...')
#6 [internal function]: Laraveldaily\Quickadmin\QuickadminServiceProvider->boot()
#7 D:\Code\Laravel\EnezaAdmin\vendor\laravel\framework\src\Illuminate\Container\BoundMethod.php(29): call_user_func_array(Array, Array)
#8 D:\Code\Laravel\EnezaAdmin\vendor\laravel\framework\src\Illuminate\Container\BoundMethod.php(87): Illuminate\Container\BoundMethod::Illuminate\Container\{closure}()
#9 D:\Code\Laravel\EnezaAdmin\vendor\laravel\framework\src\Illuminate\Container\BoundMethod.php(31): Illuminate\Container\BoundMethod::callBoundMethod(Object(Illuminate\Foundation\Application), Array, Object(Closure))
#10 D:\Code\Laravel\EnezaAdmin\vendor\laravel\framework\src\Illuminate\Container\Container.php(531): Illuminate\Container\BoundMethod::call(Object(Illuminate\Foundation\Application), Array, Array, NULL)
#11 D:\Code\Laravel\EnezaAdmin\vendor\laravel\framework\src\Illuminate\Foundation\Application.php(762): Illuminate\Container\Container->call(Array)
#12 D:\Code\Laravel\EnezaAdmin\vendor\laravel\framework\src\Illuminate\Foundation\Application.php(745): Illuminate\Foundation\Application->bootProvider(Object(Laraveldaily\Quickadmin\QuickadminServiceProvider))
#13 [internal function]: Illuminate\Foundation\Application->Illuminate\Foundation\{closure}(Object(Laraveldaily\Quickadmin\QuickadminServiceProvider), 18)
#14 D:\Code\Laravel\EnezaAdmin\vendor\laravel\framework\src\Illuminate\Foundation\Application.php(746): array_walk(Array, Object(Closure))
#15 D:\Code\Laravel\EnezaAdmin\vendor\laravel\framework\src\Illuminate\Foundation\Bootstrap\BootProviders.php(17): Illuminate\Foundation\Application->boot()
#16 D:\Code\Laravel\EnezaAdmin\vendor\laravel\framework\src\Illuminate\Foundation\Application.php(208): Illuminate\Foundation\Bootstrap\BootProviders->bootstrap(Object(Illuminate\Foundation\Application))
#17 D:\Code\Laravel\EnezaAdmin\vendor\laravel\framework\src\Illuminate\Foundation\Console\Kernel.php(270): Illuminate\Foundation\Application->bootstrapWith(Array)
#18 D:\Code\Laravel\EnezaAdmin\vendor\laravel\framework\src\Illuminate\Foundation\Console\Kernel.php(115): Illuminate\Foundation\Console\Kernel->bootstrap()
#19 D:\Code\Laravel\EnezaAdmin\artisan(35): Illuminate\Foundation\Console\Kernel->handle(Object(Symfony\Component\Console\Input\ArgvInput), Object(Symfony\Component\Console\Output\ConsoleOutput))
#20 {main}  
[2017-03-28 12:06:29] local.ERROR: PDOException: SQLSTATE[HY000] [2002] No connection could be made because the target machine actively refused it.
 in D:\Code\Laravel\EnezaAdmin\vendor\laravel\framework\src\Illuminate\Database\Connectors\Connector.php:68
Stack trace:
#0 D:\Code\Laravel\EnezaAdmin\vendor\laravel\framework\src\Illuminate\Database\Connectors\Connector.php(68): PDO->__construct('mysql:host=127....', 'test', 'PASS', Array)
#1 D:\Code\Laravel\EnezaAdmin\vendor\laravel\framework\src\Illuminate\Database\Connectors\Connector.php(43): Illuminate\Database\Connectors\Connector->createPdoConnection('mysql:host=127....', 'test', 'PASS', Array)
#2 D:\Code\Laravel\EnezaAdmin\vendor\laravel\framework\src\Illuminate\Database\Connectors\MySqlConnector.php(24): Illuminate\Database\Connectors\Connector->createConnection('mysql:host=127....', Array, Array)
#3 D:\Code\Laravel\EnezaAdmin\vendor\laravel\framework\src\Illuminate\Database\Connectors\ConnectionFactory.php(183): Illuminate\Database\Connectors\MySqlConnector->connect(Array)
#4 [internal function]: Illuminate\Database\Connectors\ConnectionFactory->Illuminate\Database\Connectors\{closure}()
#5 D:\Code\Laravel\EnezaAdmin\vendor\laravel\framework\src\Illuminate\Database\Connection.php(882): call_user_func(Object(Closure))
#6 D:\Code\Laravel\EnezaAdmin\vendor\laravel\framework\src\Illuminate\Database\Connection.php(903): Illuminate\Database\Connection->getPdo()
#7 D:\Code\Laravel\EnezaAdmin\vendor\laravel\framework\src\Illuminate\Database\Connection.php(392): Illuminate\Database\Connection->getReadPdo()
#8 D:\Code\Laravel\EnezaAdmin\vendor\laravel\framework\src\Illuminate\Database\Connection.php(318): Illuminate\Database\Connection->getPdoForSelect(true)
#9 D:\Code\Laravel\EnezaAdmin\vendor\laravel\framework\src\Illuminate\Database\Connection.php(640): Illuminate\Database\Connection->Illuminate\Database\{closure}('select * from i...', Array)
#10 D:\Code\Laravel\EnezaAdmin\vendor\laravel\framework\src\Illuminate\Database\Connection.php(607): Illuminate\Database\Connection->runQueryCallback('select * from i...', Array, Object(Closure))
#11 D:\Code\Laravel\EnezaAdmin\vendor\laravel\framework\src\Illuminate\Database\Connection.php(326): Illuminate\Database\Connection->run('select * from i...', Array, Object(Closure))
#12 D:\Code\Laravel\EnezaAdmin\vendor\laravel\framework\src\Illuminate\Database\Schema\MySqlBuilder.php(18): Illuminate\Database\Connection->select('select * from i...', Array)
#13 D:\Code\Laravel\EnezaAdmin\vendor\laravel\framework\src\Illuminate\Support\Facades\Facade.php(221): Illuminate\Database\Schema\MySqlBuilder->hasTable('menus')
#14 D:\Code\Laravel\EnezaAdmin\vendor\laraveldaily\quickadmin\src\routes.php(10): Illuminate\Support\Facades\Facade::__callStatic('hasTable', Array)
#15 D:\Code\Laravel\EnezaAdmin\vendor\laraveldaily\quickadmin\src\QuickadminServiceProvider.php(52): include('D:\\Code\\Laravel...')
#16 [internal function]: Laraveldaily\Quickadmin\QuickadminServiceProvider->boot()
#17 D:\Code\Laravel\EnezaAdmin\vendor\laravel\framework\src\Illuminate\Container\BoundMethod.php(29): call_user_func_array(Array, Array)
#18 D:\Code\Laravel\EnezaAdmin\vendor\laravel\framework\src\Illuminate\Container\BoundMethod.php(87): Illuminate\Container\BoundMethod::Illuminate\Container\{closure}()
#19 D:\Code\Laravel\EnezaAdmin\vendor\laravel\framework\src\Illuminate\Container\BoundMethod.php(31): Illuminate\Container\BoundMethod::callBoundMethod(Object(Illuminate\Foundation\Application), Array, Object(Closure))
#20 D:\Code\Laravel\EnezaAdmin\vendor\laravel\framework\src\Illuminate\Container\Container.php(531): Illuminate\Container\BoundMethod::call(Object(Illuminate\Foundation\Application), Array, Array, NULL)
#21 D:\Code\Laravel\EnezaAdmin\vendor\laravel\framework\src\Illuminate\Foundation\Application.php(762): Illuminate\Container\Container->call(Array)
#22 D:\Code\Laravel\EnezaAdmin\vendor\laravel\framework\src\Illuminate\Foundation\Application.php(745): Illuminate\Foundation\Application->bootProvider(Object(Laraveldaily\Quickadmin\QuickadminServiceProvider))
#23 [internal function]: Illuminate\Foundation\Application->Illuminate\Foundation\{closure}(Object(Laraveldaily\Quickadmin\QuickadminServiceProvider), 18)
#24 D:\Code\Laravel\EnezaAdmin\vendor\laravel\framework\src\Illuminate\Foundation\Application.php(746): array_walk(Array, Object(Closure))
#25 D:\Code\Laravel\EnezaAdmin\vendor\laravel\framework\src\Illuminate\Foundation\Bootstrap\BootProviders.php(17): Illuminate\Foundation\Application->boot()
#26 D:\Code\Laravel\EnezaAdmin\vendor\laravel\framework\src\Illuminate\Foundation\Application.php(208): Illuminate\Foundation\Bootstrap\BootProviders->bootstrap(Object(Illuminate\Foundation\Application))
#27 D:\Code\Laravel\EnezaAdmin\vendor\laravel\framework\src\Illuminate\Foundation\Console\Kernel.php(270): Illuminate\Foundation\Application->bootstrapWith(Array)
#28 D:\Code\Laravel\EnezaAdmin\vendor\laravel\framework\src\Illuminate\Foundation\Console\Kernel.php(115): Illuminate\Foundation\Console\Kernel->bootstrap()
#29 D:\Code\Laravel\EnezaAdmin\artisan(35): Illuminate\Foundation\Console\Kernel->handle(Object(Symfony\Component\Console\Input\ArgvInput), Object(Symfony\Component\Console\Output\ConsoleOutput))
#30 {main}  
[2017-03-28 12:06:29] local.ERROR: PDOException: SQLSTATE[HY000] [2002] No connection could be made because the target machine actively refused it.
 in D:\Code\Laravel\EnezaAdmin\vendor\laravel\framework\src\Illuminate\Database\Connectors\Connector.php:68
Stack trace:
#0 D:\Code\Laravel\EnezaAdmin\vendor\laravel\framework\src\Illuminate\Database\Connectors\Connector.php(68): PDO->__construct('mysql:host=127....', 'test', 'PASS', Array)
#1 D:\Code\Laravel\EnezaAdmin\vendor\laravel\framework\src\Illuminate\Database\Connectors\Connector.php(43): Illuminate\Database\Connectors\Connector->createPdoConnection('mysql:host=127....', 'test', 'PASS', Array)
#2 D:\Code\Laravel\EnezaAdmin\vendor\laravel\framework\src\Illuminate\Database\Connectors\MySqlConnector.php(24): Illuminate\Database\Connectors\Connector->createConnection('mysql:host=127....', Array, Array)
#3 D:\Code\Laravel\EnezaAdmin\vendor\laravel\framework\src\Illuminate\Database\Connectors\ConnectionFactory.php(183): Illuminate\Database\Connectors\MySqlConnector->connect(Array)
#4 [internal function]: Illuminate\Database\Connectors\ConnectionFactory->Illuminate\Database\Connectors\{closure}()
#5 D:\Code\Laravel\EnezaAdmin\vendor\laravel\framework\src\Illuminate\Database\Connection.php(882): call_user_func(Object(Closure))
#6 D:\Code\Laravel\EnezaAdmin\vendor\laravel\framework\src\Illuminate\Database\Connection.php(903): Illuminate\Database\Connection->getPdo()
#7 D:\Code\Laravel\EnezaAdmin\vendor\laravel\framework\src\Illuminate\Database\Connection.php(392): Illuminate\Database\Connection->getReadPdo()
#8 D:\Code\Laravel\EnezaAdmin\vendor\laravel\framework\src\Illuminate\Database\Connection.php(318): Illuminate\Database\Connection->getPdoForSelect(true)
#9 D:\Code\Laravel\EnezaAdmin\vendor\laravel\framework\src\Illuminate\Database\Connection.php(640): Illuminate\Database\Connection->Illuminate\Database\{closure}('select * from i...', Array)
#10 D:\Code\Laravel\EnezaAdmin\vendor\laravel\framework\src\Illuminate\Database\Connection.php(607): Illuminate\Database\Connection->runQueryCallback('select * from i...', Array, Object(Closure))
#11 D:\Code\Laravel\EnezaAdmin\vendor\laravel\framework\src\Illuminate\Database\Connection.php(326): Illuminate\Database\Connection->run('select * from i...', Array, Object(Closure))
#12 D:\Code\Laravel\EnezaAdmin\vendor\laravel\framework\src\Illuminate\Database\Schema\MySqlBuilder.php(18): Illuminate\Database\Connection->select('select * from i...', Array)
#13 D:\Code\Laravel\EnezaAdmin\vendor\laravel\framework\src\Illuminate\Support\Facades\Facade.php(221): Illuminate\Database\Schema\MySqlBuilder->hasTable('menus')
#14 D:\Code\Laravel\EnezaAdmin\vendor\laraveldaily\quickadmin\src\routes.php(10): Illuminate\Support\Facades\Facade::__callStatic('hasTable', Array)
#15 D:\Code\Laravel\EnezaAdmin\vendor\laraveldaily\quickadmin\src\QuickadminServiceProvider.php(52): include('D:\\Code\\Laravel...')
#16 [internal function]: Laraveldaily\Quickadmin\QuickadminServiceProvider->boot()
#17 D:\Code\Laravel\EnezaAdmin\vendor\laravel\framework\src\Illuminate\Container\BoundMethod.php(29): call_user_func_array(Array, Array)
#18 D:\Code\Laravel\EnezaAdmin\vendor\laravel\framework\src\Illuminate\Container\BoundMethod.php(87): Illuminate\Container\BoundMethod::Illuminate\Container\{closure}()
#19 D:\Code\Laravel\EnezaAdmin\vendor\laravel\framework\src\Illuminate\Container\BoundMethod.php(31): Illuminate\Container\BoundMethod::callBoundMethod(Object(Illuminate\Foundation\Application), Array, Object(Closure))
#20 D:\Code\Laravel\EnezaAdmin\vendor\laravel\framework\src\Illuminate\Container\Container.php(531): Illuminate\Container\BoundMethod::call(Object(Illuminate\Foundation\Application), Array, Array, NULL)
#21 D:\Code\Laravel\EnezaAdmin\vendor\laravel\framework\src\Illuminate\Foundation\Application.php(762): Illuminate\Container\Container->call(Array)
#22 D:\Code\Laravel\EnezaAdmin\vendor\laravel\framework\src\Illuminate\Foundation\Application.php(745): Illuminate\Foundation\Application->bootProvider(Object(Laraveldaily\Quickadmin\QuickadminServiceProvider))
#23 [internal function]: Illuminate\Foundation\Application->Illuminate\Foundation\{closure}(Object(Laraveldaily\Quickadmin\QuickadminServiceProvider), 18)
#24 D:\Code\Laravel\EnezaAdmin\vendor\laravel\framework\src\Illuminate\Foundation\Application.php(746): array_walk(Array, Object(Closure))
#25 D:\Code\Laravel\EnezaAdmin\vendor\laravel\framework\src\Illuminate\Foundation\Bootstrap\BootProviders.php(17): Illuminate\Foundation\Application->boot()
#26 D:\Code\Laravel\EnezaAdmin\vendor\laravel\framework\src\Illuminate\Foundation\Application.php(208): Illuminate\Foundation\Bootstrap\BootProviders->bootstrap(Object(Illuminate\Foundation\Application))
#27 D:\Code\Laravel\EnezaAdmin\vendor\laravel\framework\src\Illuminate\Foundation\Console\Kernel.php(270): Illuminate\Foundation\Application->bootstrapWith(Array)
#28 D:\Code\Laravel\EnezaAdmin\vendor\laravel\framework\src\Illuminate\Foundation\Console\Kernel.php(115): Illuminate\Foundation\Console\Kernel->bootstrap()
#29 D:\Code\Laravel\EnezaAdmin\artisan(35): Illuminate\Foundation\Console\Kernel->handle(Object(Symfony\Component\Console\Input\ArgvInput), Object(Symfony\Component\Console\Output\ConsoleOutput))
#30 {main}

Next Illuminate\Database\QueryException: SQLSTATE[HY000] [2002] No connection could be made because the target machine actively refused it.
 (SQL: select * from information_schema.tables where table_schema = enezaadmin and table_name = menus) in D:\Code\Laravel\EnezaAdmin\vendor\laravel\framework\src\Illuminate\Database\Connection.php:647
Stack trace:
#0 D:\Code\Laravel\EnezaAdmin\vendor\laravel\framework\src\Illuminate\Database\Connection.php(607): Illuminate\Database\Connection->runQueryCallback('select * from i...', Array, Object(Closure))
#1 D:\Code\Laravel\EnezaAdmin\vendor\laravel\framework\src\Illuminate\Database\Connection.php(326): Illuminate\Database\Connection->run('select * from i...', Array, Object(Closure))
#2 D:\Code\Laravel\EnezaAdmin\vendor\laravel\framework\src\Illuminate\Database\Schema\MySqlBuilder.php(18): Illuminate\Database\Connection->select('select * from i...', Array)
#3 D:\Code\Laravel\EnezaAdmin\vendor\laravel\framework\src\Illuminate\Support\Facades\Facade.php(221): Illuminate\Database\Schema\MySqlBuilder->hasTable('menus')
#4 D:\Code\Laravel\EnezaAdmin\vendor\laraveldaily\quickadmin\src\routes.php(10): Illuminate\Support\Facades\Facade::__callStatic('hasTable', Array)
#5 D:\Code\Laravel\EnezaAdmin\vendor\laraveldaily\quickadmin\src\QuickadminServiceProvider.php(52): include('D:\\Code\\Laravel...')
#6 [internal function]: Laraveldaily\Quickadmin\QuickadminServiceProvider->boot()
#7 D:\Code\Laravel\EnezaAdmin\vendor\laravel\framework\src\Illuminate\Container\BoundMethod.php(29): call_user_func_array(Array, Array)
#8 D:\Code\Laravel\EnezaAdmin\vendor\laravel\framework\src\Illuminate\Container\BoundMethod.php(87): Illuminate\Container\BoundMethod::Illuminate\Container\{closure}()
#9 D:\Code\Laravel\EnezaAdmin\vendor\laravel\framework\src\Illuminate\Container\BoundMethod.php(31): Illuminate\Container\BoundMethod::callBoundMethod(Object(Illuminate\Foundation\Application), Array, Object(Closure))
#10 D:\Code\Laravel\EnezaAdmin\vendor\laravel\framework\src\Illuminate\Container\Container.php(531): Illuminate\Container\BoundMethod::call(Object(Illuminate\Foundation\Application), Array, Array, NULL)
#11 D:\Code\Laravel\EnezaAdmin\vendor\laravel\framework\src\Illuminate\Foundation\Application.php(762): Illuminate\Container\Container->call(Array)
#12 D:\Code\Laravel\EnezaAdmin\vendor\laravel\framework\src\Illuminate\Foundation\Application.php(745): Illuminate\Foundation\Application->bootProvider(Object(Laraveldaily\Quickadmin\QuickadminServiceProvider))
#13 [internal function]: Illuminate\Foundation\Application->Illuminate\Foundation\{closure}(Object(Laraveldaily\Quickadmin\QuickadminServiceProvider), 18)
#14 D:\Code\Laravel\EnezaAdmin\vendor\laravel\framework\src\Illuminate\Foundation\Application.php(746): array_walk(Array, Object(Closure))
#15 D:\Code\Laravel\EnezaAdmin\vendor\laravel\framework\src\Illuminate\Foundation\Bootstrap\BootProviders.php(17): Illuminate\Foundation\Application->boot()
#16 D:\Code\Laravel\EnezaAdmin\vendor\laravel\framework\src\Illuminate\Foundation\Application.php(208): Illuminate\Foundation\Bootstrap\BootProviders->bootstrap(Object(Illuminate\Foundation\Application))
#17 D:\Code\Laravel\EnezaAdmin\vendor\laravel\framework\src\Illuminate\Foundation\Console\Kernel.php(270): Illuminate\Foundation\Application->bootstrapWith(Array)
#18 D:\Code\Laravel\EnezaAdmin\vendor\laravel\framework\src\Illuminate\Foundation\Console\Kernel.php(115): Illuminate\Foundation\Console\Kernel->bootstrap()
#19 D:\Code\Laravel\EnezaAdmin\artisan(35): Illuminate\Foundation\Console\Kernel->handle(Object(Symfony\Component\Console\Input\ArgvInput), Object(Symfony\Component\Console\Output\ConsoleOutput))
#20 {main}  
[2017-03-28 12:50:04] local.ERROR: InvalidArgumentException: View [auth.register] not found. in D:\Code\Laravel\EnezaAdmin\vendor\laravel\framework\src\Illuminate\View\FileViewFinder.php:137
Stack trace:
#0 D:\Code\Laravel\EnezaAdmin\vendor\laravel\framework\src\Illuminate\View\FileViewFinder.php(79): Illuminate\View\FileViewFinder->findInPaths('auth.register', Array)
#1 D:\Code\Laravel\EnezaAdmin\vendor\laravel\framework\src\Illuminate\View\Factory.php(128): Illuminate\View\FileViewFinder->find('auth.register')
#2 D:\Code\Laravel\EnezaAdmin\vendor\laravel\framework\src\Illuminate\Foundation\helpers.php(917): Illuminate\View\Factory->make('auth.register', Array, Array)
#3 D:\Code\Laravel\EnezaAdmin\vendor\laravel\framework\src\Illuminate\Foundation\Auth\RegistersUsers.php(20): view('auth.register')
#4 [internal function]: App\Http\Controllers\Auth\RegisterController->showRegistrationForm()
#5 D:\Code\Laravel\EnezaAdmin\vendor\laravel\framework\src\Illuminate\Routing\Controller.php(55): call_user_func_array(Array, Array)
#6 D:\Code\Laravel\EnezaAdmin\vendor\laravel\framework\src\Illuminate\Routing\ControllerDispatcher.php(44): Illuminate\Routing\Controller->callAction('showRegistratio...', Array)
#7 D:\Code\Laravel\EnezaAdmin\vendor\laravel\framework\src\Illuminate\Routing\Route.php(203): Illuminate\Routing\ControllerDispatcher->dispatch(Object(Illuminate\Routing\Route), Object(App\Http\Controllers\Auth\RegisterController), 'showRegistratio...')
#8 D:\Code\Laravel\EnezaAdmin\vendor\laravel\framework\src\Illuminate\Routing\Route.php(160): Illuminate\Routing\Route->runController()
#9 D:\Code\Laravel\EnezaAdmin\vendor\laravel\framework\src\Illuminate\Routing\Router.php(559): Illuminate\Routing\Route->run()
#10 D:\Code\Laravel\EnezaAdmin\vendor\laravel\framework\src\Illuminate\Routing\Pipeline.php(30): Illuminate\Routing\Router->Illuminate\Routing\{closure}(Object(Illuminate\Http\Request))
#11 D:\Code\Laravel\EnezaAdmin\app\Http\Middleware\RedirectIfAuthenticated.php(24): Illuminate\Routing\Pipeline->Illuminate\Routing\{closure}(Object(Illuminate\Http\Request))
#12 D:\Code\Laravel\EnezaAdmin\vendor\laravel\framework\src\Illuminate\Pipeline\Pipeline.php(148): App\Http\Middleware\RedirectIfAuthenticated->handle(Object(Illuminate\Http\Request), Object(Closure))
#13 D:\Code\Laravel\EnezaAdmin\vendor\laravel\framework\src\Illuminate\Routing\Pipeline.php(53): Illuminate\Pipeline\Pipeline->Illuminate\Pipeline\{closure}(Object(Illuminate\Http\Request))
#14 D:\Code\Laravel\EnezaAdmin\vendor\laravel\framework\src\Illuminate\Routing\Middleware\SubstituteBindings.php(41): Illuminate\Routing\Pipeline->Illuminate\Routing\{closure}(Object(Illuminate\Http\Request))
#15 D:\Code\Laravel\EnezaAdmin\vendor\laravel\framework\src\Illuminate\Pipeline\Pipeline.php(148): Illuminate\Routing\Middleware\SubstituteBindings->handle(Object(Illuminate\Http\Request), Object(Closure))
#16 D:\Code\Laravel\EnezaAdmin\vendor\laravel\framework\src\Illuminate\Routing\Pipeline.php(53): Illuminate\Pipeline\Pipeline->Illuminate\Pipeline\{closure}(Object(Illuminate\Http\Request))
#17 D:\Code\Laravel\EnezaAdmin\vendor\laravel\framework\src\Illuminate\Foundation\Http\Middleware\VerifyCsrfToken.php(65): Illuminate\Routing\Pipeline->Illuminate\Routing\{closure}(Object(Illuminate\Http\Request))
#18 D:\Code\Laravel\EnezaAdmin\vendor\laravel\framework\src\Illuminate\Pipeline\Pipeline.php(148): Illuminate\Foundation\Http\Middleware\VerifyCsrfToken->handle(Object(Illuminate\Http\Request), Object(Closure))
#19 D:\Code\Laravel\EnezaAdmin\vendor\laravel\framework\src\Illuminate\Routing\Pipeline.php(53): Illuminate\Pipeline\Pipeline->Illuminate\Pipeline\{closure}(Object(Illuminate\Http\Request))
#20 D:\Code\Laravel\EnezaAdmin\vendor\laravel\framework\src\Illuminate\View\Middleware\ShareErrorsFromSession.php(49): Illuminate\Routing\Pipeline->Illuminate\Routing\{closure}(Object(Illuminate\Http\Request))
#21 D:\Code\Laravel\EnezaAdmin\vendor\laravel\framework\src\Illuminate\Pipeline\Pipeline.php(148): Illuminate\View\Middleware\ShareErrorsFromSession->handle(Object(Illuminate\Http\Request), Object(Closure))
#22 D:\Code\Laravel\EnezaAdmin\vendor\laravel\framework\src\Illuminate\Routing\Pipeline.php(53): Illuminate\Pipeline\Pipeline->Illuminate\Pipeline\{closure}(Object(Illuminate\Http\Request))
#23 D:\Code\Laravel\EnezaAdmin\vendor\laravel\framework\src\Illuminate\Session\Middleware\StartSession.php(64): Illuminate\Routing\Pipeline->Illuminate\Routing\{closure}(Object(Illuminate\Http\Request))
#24 D:\Code\Laravel\EnezaAdmin\vendor\laravel\framework\src\Illuminate\Pipeline\Pipeline.php(148): Illuminate\Session\Middleware\StartSession->handle(Object(Illuminate\Http\Request), Object(Closure))
#25 D:\Code\Laravel\EnezaAdmin\vendor\laravel\framework\src\Illuminate\Routing\Pipeline.php(53): Illuminate\Pipeline\Pipeline->Illuminate\Pipeline\{closure}(Object(Illuminate\Http\Request))
#26 D:\Code\Laravel\EnezaAdmin\vendor\laravel\framework\src\Illuminate\Cookie\Middleware\AddQueuedCookiesToResponse.php(37): Illuminate\Routing\Pipeline->Illuminate\Routing\{closure}(Object(Illuminate\Http\Request))
#27 D:\Code\Laravel\EnezaAdmin\vendor\laravel\framework\src\Illuminate\Pipeline\Pipeline.php(148): Illuminate\Cookie\Middleware\AddQueuedCookiesToResponse->handle(Object(Illuminate\Http\Request), Object(Closure))
#28 D:\Code\Laravel\EnezaAdmin\vendor\laravel\framework\src\Illuminate\Routing\Pipeline.php(53): Illuminate\Pipeline\Pipeline->Illuminate\Pipeline\{closure}(Object(Illuminate\Http\Request))
#29 D:\Code\Laravel\EnezaAdmin\vendor\laravel\framework\src\Illuminate\Cookie\Middleware\EncryptCookies.php(59): Illuminate\Routing\Pipeline->Illuminate\Routing\{closure}(Object(Illuminate\Http\Request))
#30 D:\Code\Laravel\EnezaAdmin\vendor\laravel\framework\src\Illuminate\Pipeline\Pipeline.php(148): Illuminate\Cookie\Middleware\EncryptCookies->handle(Object(Illuminate\Http\Request), Object(Closure))
#31 D:\Code\Laravel\EnezaAdmin\vendor\laravel\framework\src\Illuminate\Routing\Pipeline.php(53): Illuminate\Pipeline\Pipeline->Illuminate\Pipeline\{closure}(Object(Illuminate\Http\Request))
#32 D:\Code\Laravel\EnezaAdmin\vendor\laravel\framework\src\Illuminate\Pipeline\Pipeline.php(102): Illuminate\Routing\Pipeline->Illuminate\Routing\{closure}(Object(Illuminate\Http\Request))
#33 D:\Code\Laravel\EnezaAdmin\vendor\laravel\framework\src\Illuminate\Routing\Router.php(561): Illuminate\Pipeline\Pipeline->then(Object(Closure))
#34 D:\Code\Laravel\EnezaAdmin\vendor\laravel\framework\src\Illuminate\Routing\Router.php(520): Illuminate\Routing\Router->runRouteWithinStack(Object(Illuminate\Routing\Route), Object(Illuminate\Http\Request))
#35 D:\Code\Laravel\EnezaAdmin\vendor\laravel\framework\src\Illuminate\Routing\Router.php(498): Illuminate\Routing\Router->dispatchToRoute(Object(Illuminate\Http\Request))
#36 D:\Code\Laravel\EnezaAdmin\vendor\laravel\framework\src\Illuminate\Foundation\Http\Kernel.php(174): Illuminate\Routing\Router->dispatch(Object(Illuminate\Http\Request))
#37 D:\Code\Laravel\EnezaAdmin\vendor\laravel\framework\src\Illuminate\Routing\Pipeline.php(30): Illuminate\Foundation\Http\Kernel->Illuminate\Foundation\Http\{closure}(Object(Illuminate\Http\Request))
#38 D:\Code\Laravel\EnezaAdmin\vendor\laravel\framework\src\Illuminate\Foundation\Http\Middleware\TransformsRequest.php(30): Illuminate\Routing\Pipeline->Illuminate\Routing\{closure}(Object(Illuminate\Http\Request))
#39 D:\Code\Laravel\EnezaAdmin\vendor\laravel\framework\src\Illuminate\Pipeline\Pipeline.php(148): Illuminate\Foundation\Http\Middleware\TransformsRequest->handle(Object(Illuminate\Http\Request), Object(Closure))
#40 D:\Code\Laravel\EnezaAdmin\vendor\laravel\framework\src\Illuminate\Routing\Pipeline.php(53): Illuminate\Pipeline\Pipeline->Illuminate\Pipeline\{closure}(Object(Illuminate\Http\Request))
#41 D:\Code\Laravel\EnezaAdmin\vendor\laravel\framework\src\Illuminate\Foundation\Http\Middleware\TransformsRequest.php(30): Illuminate\Routing\Pipeline->Illuminate\Routing\{closure}(Object(Illuminate\Http\Request))
#42 D:\Code\Laravel\EnezaAdmin\vendor\laravel\framework\src\Illuminate\Pipeline\Pipeline.php(148): Illuminate\Foundation\Http\Middleware\TransformsRequest->handle(Object(Illuminate\Http\Request), Object(Closure))
#43 D:\Code\Laravel\EnezaAdmin\vendor\laravel\framework\src\Illuminate\Routing\Pipeline.php(53): Illuminate\Pipeline\Pipeline->Illuminate\Pipeline\{closure}(Object(Illuminate\Http\Request))
#44 D:\Code\Laravel\EnezaAdmin\vendor\laravel\framework\src\Illuminate\Foundation\Http\Middleware\ValidatePostSize.php(27): Illuminate\Routing\Pipeline->Illuminate\Routing\{closure}(Object(Illuminate\Http\Request))
#45 D:\Code\Laravel\EnezaAdmin\vendor\laravel\framework\src\Illuminate\Pipeline\Pipeline.php(148): Illuminate\Foundation\Http\Middleware\ValidatePostSize->handle(Object(Illuminate\Http\Request), Object(Closure))
#46 D:\Code\Laravel\EnezaAdmin\vendor\laravel\framework\src\Illuminate\Routing\Pipeline.php(53): Illuminate\Pipeline\Pipeline->Illuminate\Pipeline\{closure}(Object(Illuminate\Http\Request))
#47 D:\Code\Laravel\EnezaAdmin\vendor\laravel\framework\src\Illuminate\Foundation\Http\Middleware\CheckForMaintenanceMode.php(46): Illuminate\Routing\Pipeline->Illuminate\Routing\{closure}(Object(Illuminate\Http\Request))
#48 D:\Code\Laravel\EnezaAdmin\vendor\laravel\framework\src\Illuminate\Pipeline\Pipeline.php(148): Illuminate\Foundation\Http\Middleware\CheckForMaintenanceMode->handle(Object(Illuminate\Http\Request), Object(Closure))
#49 D:\Code\Laravel\EnezaAdmin\vendor\laravel\framework\src\Illuminate\Routing\Pipeline.php(53): Illuminate\Pipeline\Pipeline->Illuminate\Pipeline\{closure}(Object(Illuminate\Http\Request))
#50 D:\Code\Laravel\EnezaAdmin\vendor\laravel\framework\src\Illuminate\Pipeline\Pipeline.php(102): Illuminate\Routing\Pipeline->Illuminate\Routing\{closure}(Object(Illuminate\Http\Request))
#51 D:\Code\Laravel\EnezaAdmin\vendor\laravel\framework\src\Illuminate\Foundation\Http\Kernel.php(149): Illuminate\Pipeline\Pipeline->then(Object(Closure))
#52 D:\Code\Laravel\EnezaAdmin\vendor\laravel\framework\src\Illuminate\Foundation\Http\Kernel.php(116): Illuminate\Foundation\Http\Kernel->sendRequestThroughRouter(Object(Illuminate\Http\Request))
#53 D:\Code\Laravel\EnezaAdmin\public\index.php(53): Illuminate\Foundation\Http\Kernel->handle(Object(Illuminate\Http\Request))
#54 D:\Code\Laravel\EnezaAdmin\server.php(21): require_once('D:\\Code\\Laravel...')
#55 {main}  
